<?xml version="1.0" encoding="UTF-8"?>
<!-- Generated by org.testng.reporters.JUnitReportReporter -->
<testsuite skipped="0" hostname="DESKTOP-CTR337V" name="com.training.sanity.tests.RTTC_001ExcelTests" tests="4" failures="0" timestamp="20 Mar 2019 16:28:22 GMT" time="163.833" errors="0">
  <testcase name="validNewUserRegistrationTest" time="37.226" classname="com.training.sanity.tests.RTTC_001ExcelTests"/>
  <testcase name="validNewUserRegistrationTest" time="45.706" classname="com.training.sanity.tests.RTTC_001ExcelTests"/>
  <testcase name="validNewUserRegistrationTest" time="39.879" classname="com.training.sanity.tests.RTTC_001ExcelTests"/>
  <testcase name="validNewUserRegistrationTest" time="41.022" classname="com.training.sanity.tests.RTTC_001ExcelTests"/>
</testsuite> <!-- com.training.sanity.tests.RTTC_001ExcelTests -->
