<?xml version="1.0" encoding="UTF-8"?>
<!-- Generated by org.testng.reporters.JUnitReportReporter -->
<testsuite skipped="0" hostname="DESKTOP-CTR337V" name="com.training.sanity.tests.RTTC_063ExcelTests" tests="4" failures="0" timestamp="01 Apr 2019 11:59:56 GMT" time="157.748" errors="0">
  <testcase name="invalidMultipleUserRegistrationTest" time="41.791" classname="com.training.sanity.tests.RTTC_063ExcelTests"/>
  <testcase name="invalidMultipleUserRegistrationTest" time="38.928" classname="com.training.sanity.tests.RTTC_063ExcelTests"/>
  <testcase name="invalidMultipleUserRegistrationTest" time="37.260" classname="com.training.sanity.tests.RTTC_063ExcelTests"/>
  <testcase name="invalidMultipleUserRegistrationTest" time="39.769" classname="com.training.sanity.tests.RTTC_063ExcelTests"/>
</testsuite> <!-- com.training.sanity.tests.RTTC_063ExcelTests -->
