<?xml version="1.0" encoding="UTF-8"?>
<!-- Generated by org.testng.reporters.JUnitReportReporter -->
<testsuite skipped="0" hostname="DESKTOP-CTR337V" name="com.training.sanity.tests.RTTC_034Tests" tests="1" failures="0" timestamp="23 Mar 2019 20:07:58 GMT" time="71.214" errors="0">
  <testcase name="vaildGuestUserOrderTest" time="71.214" classname="com.training.sanity.tests.RTTC_034Tests"/>
</testsuite> <!-- com.training.sanity.tests.RTTC_034Tests -->
