<?xml version="1.0" encoding="UTF-8"?>
<!-- Generated by org.testng.reporters.JUnitReportReporter -->
<testsuite skipped="0" hostname="DESKTOP-CTR337V" name="com.training.sanity.tests.RTTC_032Tests" tests="1" failures="0" timestamp="14 Mar 2019 16:13:26 GMT" time="51.225" errors="0">
  <testcase name="invalidLoginTest" time="51.225" classname="com.training.sanity.tests.RTTC_032Tests"/>
</testsuite> <!-- com.training.sanity.tests.RTTC_032Tests -->
