<?xml version="1.0" encoding="UTF-8"?>
<!-- Generated by org.testng.reporters.JUnitReportReporter -->
<testsuite skipped="1" hostname="DESKTOP-CTR337V" name="com.training.sanity.tests.RTTC_061DBTests" tests="1" failures="0" timestamp="23 Mar 2019 18:57:39 GMT" time="0.000" errors="0">
  <testcase name="databaseTest" time="0.000" classname="com.training.sanity.tests.RTTC_061DBTests">
    <skipped/>
  </testcase> <!-- databaseTest -->
</testsuite> <!-- com.training.sanity.tests.RTTC_061DBTests -->
