<?xml version="1.0" encoding="UTF-8"?>
<!-- Generated by org.testng.reporters.JUnitReportReporter -->
<testsuite skipped="0" hostname="DESKTOP-CTR337V" name="com.training.sanity.tests.RTTC_005Tests" tests="1" failures="0" timestamp="11 Mar 2019 16:11:43 GMT" time="41.140" errors="0">
  <testcase name="validmodifyPersonalDetailsTest" time="41.140" classname="com.training.sanity.tests.RTTC_005Tests"/>
</testsuite> <!-- com.training.sanity.tests.RTTC_005Tests -->
