<?xml version="1.0" encoding="UTF-8"?>
<!-- Generated by org.testng.reporters.JUnitReportReporter -->
<testsuite skipped="0" hostname="DESKTOP-CTR337V" name="com.training.sanity.tests.RTTC_031Tests" tests="1" failures="0" timestamp="13 Mar 2019 16:47:48 GMT" time="30.578" errors="0">
  <testcase name="invalidLoginTest" time="30.578" classname="com.training.sanity.tests.RTTC_031Tests"/>
</testsuite> <!-- com.training.sanity.tests.RTTC_031Tests -->
