<?xml version="1.0" encoding="UTF-8"?>
<!-- Generated by org.testng.reporters.JUnitReportReporter -->
<testsuite skipped="0" hostname="DESKTOP-CTR337V" name="com.training.sanity.tests.RTTC_035Tests" tests="1" failures="0" timestamp="17 Mar 2019 19:15:57 GMT" time="28.646" errors="0">
  <testcase name="validLoginTest" time="28.646" classname="com.training.sanity.tests.RTTC_035Tests"/>
</testsuite> <!-- com.training.sanity.tests.RTTC_035Tests -->
