<?xml version="1.0" encoding="UTF-8"?>
<!-- Generated by org.testng.reporters.JUnitReportReporter -->
<testsuite skipped="0" hostname="DESKTOP-CTR337V" name="com.training.regression.tests.LoginExcelTest" tests="2" failures="0" timestamp="21 Mar 2019 05:30:39 GMT" time="16.750" errors="0">
  <testcase name="loginDBTest" time="7.563" classname="com.training.regression.tests.LoginExcelTest"/>
  <testcase name="loginDBTest" time="9.187" classname="com.training.regression.tests.LoginExcelTest"/>
</testsuite> <!-- com.training.regression.tests.LoginExcelTest -->
