<?xml version="1.0" encoding="UTF-8"?>
<!-- Generated by org.testng.reporters.JUnitReportReporter -->
<testsuite skipped="0" hostname="DESKTOP-CTR337V" name="com.training.sanity.tests.LoginuserTests" tests="1" failures="0" timestamp="08 Mar 2019 05:12:30 GMT" time="23.589" errors="0">
  <testcase name="validLoginTest" time="23.589" classname="com.training.sanity.tests.LoginuserTests"/>
</testsuite> <!-- com.training.sanity.tests.LoginuserTests -->
