<?xml version="1.0" encoding="UTF-8"?>
<!-- Generated by org.testng.reporters.JUnitReportReporter -->
<testsuite skipped="0" hostname="DESKTOP-CTR337V" name="com.training.sanity.tests.RTTC_003Tests" tests="1" failures="0" timestamp="11 Mar 2019 15:41:56 GMT" time="31.098" errors="0">
  <testcase name="validResetPasswordTest" time="31.098" classname="com.training.sanity.tests.RTTC_003Tests"/>
</testsuite> <!-- com.training.sanity.tests.RTTC_003Tests -->
