<?xml version="1.0" encoding="UTF-8"?>
<!-- Generated by org.testng.reporters.JUnitReportReporter -->
<testsuite skipped="0" hostname="DESKTOP-CTR337V" name="com.training.sanity.tests.RTTC_001Tests" tests="1" failures="0" timestamp="12 Mar 2019 04:10:04 GMT" time="44.748" errors="0">
  <testcase name="validNewUserRegistrationTest" time="44.748" classname="com.training.sanity.tests.RTTC_001Tests"/>
</testsuite> <!-- com.training.sanity.tests.RTTC_001Tests -->
