<?xml version="1.0" encoding="UTF-8"?>
<!-- Generated by org.testng.reporters.JUnitReportReporter -->
<testsuite skipped="0" hostname="DESKTOP-CTR337V" name="com.training.sanity.tests.LoginTests" tests="1" failures="0" timestamp="06 Mar 2019 04:16:49 GMT" time="11.028" errors="0">
  <testcase name="validLoginTest" time="11.028" classname="com.training.sanity.tests.LoginTests"/>
</testsuite> <!-- com.training.sanity.tests.LoginTests -->
