<?xml version="1.0" encoding="UTF-8"?>
<!-- Generated by org.testng.reporters.JUnitReportReporter -->
<testsuite skipped="0" hostname="DESKTOP-CTR337V" name="com.training.sanity.tests.RTTC_001Tests" tests="1" failures="0" timestamp="18 Mar 2019 08:02:06 GMT" time="45.350" errors="0">
  <testcase name="validNewUserRegistrationTest" time="45.350" classname="com.training.sanity.tests.RTTC_001Tests"/>
</testsuite> <!-- com.training.sanity.tests.RTTC_001Tests -->
