<?xml version="1.0" encoding="UTF-8"?>
<!-- Generated by org.testng.reporters.JUnitReportReporter -->
<testsuite skipped="0" hostname="DESKTOP-CTR337V" name="com.training.sanity.tests.RTTC_062ExcelTests" tests="4" failures="0" timestamp="01 Apr 2019 11:39:11 GMT" time="173.815" errors="0">
  <testcase name="validMultipleUserRegistrationTest" time="44.506" classname="com.training.sanity.tests.RTTC_062ExcelTests"/>
  <testcase name="validMultipleUserRegistrationTest" time="42.988" classname="com.training.sanity.tests.RTTC_062ExcelTests"/>
  <testcase name="validMultipleUserRegistrationTest" time="42.110" classname="com.training.sanity.tests.RTTC_062ExcelTests"/>
  <testcase name="validMultipleUserRegistrationTest" time="44.211" classname="com.training.sanity.tests.RTTC_062ExcelTests"/>
</testsuite> <!-- com.training.sanity.tests.RTTC_062ExcelTests -->
