<?xml version="1.0" encoding="UTF-8"?>
<!-- Generated by org.testng.reporters.JUnitReportReporter -->
<testsuite skipped="0" hostname="DESKTOP-CTR337V" name="com.training.sanity.tests.RTTC_002Tests" tests="1" failures="0" timestamp="11 Mar 2019 15:10:45 GMT" time="27.326" errors="0">
  <testcase name="validLoginTest" time="27.326" classname="com.training.sanity.tests.RTTC_002Tests"/>
</testsuite> <!-- com.training.sanity.tests.RTTC_002Tests -->
