<?xml version="1.0" encoding="UTF-8"?>
<!-- Generated by org.testng.reporters.JUnitReportReporter -->
<testsuite skipped="0" hostname="DESKTOP-CTR337V" name="com.training.sanity.tests.RTTC_004Tests" tests="1" failures="0" timestamp="11 Mar 2019 16:27:09 GMT" time="32.910" errors="0">
  <testcase name="validOrderTest" time="32.910" classname="com.training.sanity.tests.RTTC_004Tests"/>
</testsuite> <!-- com.training.sanity.tests.RTTC_004Tests -->
