<?xml version="1.0" encoding="UTF-8"?>
<!-- Generated by org.testng.reporters.JUnitReportReporter -->
<testsuite skipped="0" hostname="DESKTOP-CTR337V" name="com.training.sanity.tests.RegisterTests" tests="1" failures="0" timestamp="10 Mar 2019 07:29:23 GMT" time="36.562" errors="0">
  <testcase name="validLoginTest" time="36.562" classname="com.training.sanity.tests.RegisterTests"/>
</testsuite> <!-- com.training.sanity.tests.RegisterTests -->
