<?xml version="1.0" encoding="UTF-8"?>
<!-- Generated by org.testng.reporters.JUnitReportReporter -->
<testsuite skipped="0" hostname="DESKTOP-CTR337V" name="com.training.sanity.tests.RTTC_033Tests" tests="1" failures="0" timestamp="19 Mar 2019 17:23:58 GMT" time="84.214" errors="0">
  <testcase name="validOrderTest" time="84.214" classname="com.training.sanity.tests.RTTC_033Tests"/>
</testsuite> <!-- com.training.sanity.tests.RTTC_033Tests -->
