<?xml version="1.0" encoding="UTF-8"?>
<!-- Generated by org.testng.reporters.JUnitReportReporter -->
<testsuite skipped="0" hostname="DESKTOP-CTR337V" name="com.training.sanity.tests.RTTC_062ExcelTests" tests="4" failures="0" timestamp="20 Mar 2019 16:58:34 GMT" time="171.297" errors="0">
  <testcase name="validMultipleUserRegistrationTest" time="40.870" classname="com.training.sanity.tests.RTTC_062ExcelTests"/>
  <testcase name="validMultipleUserRegistrationTest" time="40.980" classname="com.training.sanity.tests.RTTC_062ExcelTests"/>
  <testcase name="validMultipleUserRegistrationTest" time="49.035" classname="com.training.sanity.tests.RTTC_062ExcelTests"/>
  <testcase name="validMultipleUserRegistrationTest" time="40.412" classname="com.training.sanity.tests.RTTC_062ExcelTests"/>
</testsuite> <!-- com.training.sanity.tests.RTTC_062ExcelTests -->
