<?xml version="1.0" encoding="UTF-8"?>
<!-- Generated by org.testng.reporters.JUnitReportReporter -->
<testsuite skipped="0" hostname="DESKTOP-CTR337V" name="com.training.sanity.tests.LoginTests" tests="1" failures="0" timestamp="20 Mar 2019 16:39:18 GMT" time="12.648" errors="0">
  <testcase name="validLoginTest" time="12.648" classname="com.training.sanity.tests.LoginTests"/>
</testsuite> <!-- com.training.sanity.tests.LoginTests -->
